/opt/compiler-explorer/gcc-4.1.2/bin/../lib/gcc/x86_64-linux-gnu/4.1.2/../../../../include/c++/4.1.2/bits/stl_algo.h: In function 'void std::partial_sort(_RandomAccessIterator, _RandomAccessIterator, _RandomAccessIterator) [with _RandomAccessIterator = __gnu_cxx::__normal_iterator<UserName*, std::vector<UserName, std::allocator<UserName> > >]':
/opt/compiler-explorer/gcc-4.1.2/bin/../lib/gcc/x86_64-linux-gnu/4.1.2/../../../../include/c++/4.1.2/bits/stl_algo.h:2630:   instantiated from 'void std::__introsort_loop(_RandomAccessIterator, _RandomAccessIterator, _Size) [with _RandomAccessIterator = __gnu_cxx::__normal_iterator<UserName*, std::vector<UserName, std::allocator<UserName> > >, _Size = long int]'
/opt/compiler-explorer/gcc-4.1.2/bin/../lib/gcc/x86_64-linux-gnu/4.1.2/../../../../include/c++/4.1.2/bits/stl_algo.h:2713:   instantiated from 'void std::sort(_RandomAccessIterator, _RandomAccessIterator) [with _RandomAccessIterator = __gnu_cxx::__normal_iterator<UserName*, std::vector<UserName, std::allocator<UserName> > >]'
<source>:13:   instantiated from here
/opt/compiler-explorer/gcc-4.1.2/bin/../lib/gcc/x86_64-linux-gnu/4.1.2/../../../../include/c++/4.1.2/bits/stl_algo.h:2434: error: no match for 'operator<' in '__i. __gnu_cxx::__normal_iterator<_Iterator, _Container>::operator* [with _Iterator = UserName*, _Container = std::vector<UserName, std::allocator<UserName> >]() < __first. __gnu_cxx::__normal_iterator<_Iterator, _Container>::operator* [with _Iterator = UserName*, _Container = std::vector<UserName, std::allocator<UserName> >]()'
/opt/compiler-explorer/gcc-4.1.2/bin/../lib/gcc/x86_64-linux-gnu/4.1.2/../../../../include/c++/4.1.2/bits/stl_algo.h: In function 'const _Tp& std::__median(const _Tp&, const _Tp&, const _Tp&) [with _Tp = UserName]':
/opt/compiler-explorer/gcc-4.1.2/bin/../lib/gcc/x86_64-linux-gnu/4.1.2/../../../../include/c++/4.1.2/bits/stl_algo.h:2642:   instantiated from 'void std::__introsort_loop(_RandomAccessIterator, _RandomAccessIterator, _Size) [with _RandomAccessIterator = __gnu_cxx::__normal_iterator<UserName*, std::vector<UserName, std::allocator<UserName> > >, _Size = long int]'
/opt/compiler-explorer/gcc-4.1.2/bin/../lib/gcc/x86_64-linux-gnu/4.1.2/../../../../include/c++/4.1.2/bits/stl_algo.h:2713:   instantiated from 'void std::sort(_RandomAccessIterator, _RandomAccessIterator) [with _RandomAccessIterator = __gnu_cxx::__normal_iterator<UserName*, std::vector<UserName, std::allocator<UserName> > >]'
<source>:13:   instantiated from here
/opt/compiler-explorer/gcc-4.1.2/bin/../lib/gcc/x86_64-linux-gnu/4.1.2/../../../../include/c++/4.1.2/bits/stl_algo.h:91: error: no match for 'operator<' in '__a < __b'
/opt/compiler-explorer/gcc-4.1.2/bin/../lib/gcc/x86_64-linux-gnu/4.1.2/../../../../include/c++/4.1.2/bits/stl_algo.h:92: error: no match for 'operator<' in '__b < __c'
/opt/compiler-explorer/gcc-4.1.2/bin/../lib/gcc/x86_64-linux-gnu/4.1.2/../../../../include/c++/4.1.2/bits/stl_algo.h:94: error: no match for 'operator<' in '__a < __c'
/opt/compiler-explorer/gcc-4.1.2/bin/../lib/gcc/x86_64-linux-gnu/4.1.2/../../../../include/c++/4.1.2/bits/stl_algo.h:98: error: no match for 'operator<' in '__a < __c'
/opt/compiler-explorer/gcc-4.1.2/bin/../lib/gcc/x86_64-linux-gnu/4.1.2/../../../../include/c++/4.1.2/bits/stl_algo.h:100: error: no match for 'operator<' in '__b < __c'
/opt/compiler-explorer/gcc-4.1.2/bin/../lib/gcc/x86_64-linux-gnu/4.1.2/../../../../include/c++/4.1.2/bits/stl_algo.h: In function '_RandomAccessIterator std::__unguarded_partition(_RandomAccessIterator, _RandomAccessIterator, _Tp) [with _RandomAccessIterator = __gnu_cxx::__normal_iterator<UserName*, std::vector<UserName, std::allocator<UserName> > >, _Tp = UserName]':
/opt/compiler-explorer/gcc-4.1.2/bin/../lib/gcc/x86_64-linux-gnu/4.1.2/../../../../include/c++/4.1.2/bits/stl_algo.h:2642:   instantiated from 'void std::__introsort_loop(_RandomAccessIterator, _RandomAccessIterator, _Size) [with _RandomAccessIterator = __gnu_cxx::__normal_iterator<UserName*, std::vector<UserName, std::allocator<UserName> > >, _Size = long int]'
/opt/compiler-explorer/gcc-4.1.2/bin/../lib/gcc/x86_64-linux-gnu/4.1.2/../../../../include/c++/4.1.2/bits/stl_algo.h:2713:   instantiated from 'void std::sort(_RandomAccessIterator, _RandomAccessIterator) [with _RandomAccessIterator = __gnu_cxx::__normal_iterator<UserName*, std::vector<UserName, std::allocator<UserName> > >]'
<source>:13:   instantiated from here
/opt/compiler-explorer/gcc-4.1.2/bin/../lib/gcc/x86_64-linux-gnu/4.1.2/../../../../include/c++/4.1.2/bits/stl_algo.h:2174: error: no match for 'operator<' in '__first. __gnu_cxx::__normal_iterator<_Iterator, _Container>::operator* [with _Iterator = UserName*, _Container = std::vector<UserName, std::allocator<UserName> >]() < __pivot'
/opt/compiler-explorer/gcc-4.1.2/bin/../lib/gcc/x86_64-linux-gnu/4.1.2/../../../../include/c++/4.1.2/bits/stl_algo.h:2642:   instantiated from 'void std::__introsort_loop(_RandomAccessIterator, _RandomAccessIterator, _Size) [with _RandomAccessIterator = __gnu_cxx::__normal_iterator<UserName*, std::vector<UserName, std::allocator<UserName> > >, _Size = long int]'
/opt/compiler-explorer/gcc-4.1.2/bin/../lib/gcc/x86_64-linux-gnu/4.1.2/../../../../include/c++/4.1.2/bits/stl_algo.h:2713:   instantiated from 'void std::sort(_RandomAccessIterator, _RandomAccessIterator) [with _RandomAccessIterator = __gnu_cxx::__normal_iterator<UserName*, std::vector<UserName, std::allocator<UserName> > >]'
<source>:13:   instantiated from here
/opt/compiler-explorer/gcc-4.1.2/bin/../lib/gcc/x86_64-linux-gnu/4.1.2/../../../../include/c++/4.1.2/bits/stl_algo.h:2177: error: no match for 'operator<' in '__pivot < __last. __gnu_cxx::__normal_iterator<_Iterator, _Container>::operator* [with _Iterator = UserName*, _Container = std::vector<UserName, std::allocator<UserName> >]()'
/opt/compiler-explorer/gcc-4.1.2/bin/../lib/gcc/x86_64-linux-gnu/4.1.2/../../../../include/c++/4.1.2/bits/stl_algo.h: In function 'void std::__insertion_sort(_RandomAccessIterator, _RandomAccessIterator) [with _RandomAccessIterator = __gnu_cxx::__normal_iterator<UserName*, std::vector<UserName, std::allocator<UserName> > >]':
/opt/compiler-explorer/gcc-4.1.2/bin/../lib/gcc/x86_64-linux-gnu/4.1.2/../../../../include/c++/4.1.2/bits/stl_algo.h:2359:   instantiated from 'void std::__final_insertion_sort(_RandomAccessIterator, _RandomAccessIterator) [with _RandomAccessIterator = __gnu_cxx::__normal_iterator<UserName*, std::vector<UserName, std::allocator<UserName> > >]'
/opt/compiler-explorer/gcc-4.1.2/bin/../lib/gcc/x86_64-linux-gnu/4.1.2/../../../../include/c++/4.1.2/bits/stl_algo.h:2714:   instantiated from 'void std::sort(_RandomAccessIterator, _RandomAccessIterator) [with _RandomAccessIterator = __gnu_cxx::__normal_iterator<UserName*, std::vector<UserName, std::allocator<UserName> > >]'
<source>:13:   instantiated from here
/opt/compiler-explorer/gcc-4.1.2/bin/../lib/gcc/x86_64-linux-gnu/4.1.2/../../../../include/c++/4.1.2/bits/stl_algo.h:2277: error: no match for 'operator<' in '__val < __first. __gnu_cxx::__normal_iterator<_Iterator, _Container>::operator* [with _Iterator = UserName*, _Container = std::vector<UserName, std::allocator<UserName> >]()'
/opt/compiler-explorer/gcc-4.1.2/bin/../lib/gcc/x86_64-linux-gnu/4.1.2/../../../../include/c++/4.1.2/bits/stl_algo.h: In function 'void std::__unguarded_linear_insert(_RandomAccessIterator, _Tp) [with _RandomAccessIterator = __gnu_cxx::__normal_iterator<UserName*, std::vector<UserName, std::allocator<UserName> > >, _Tp = UserName]':
/opt/compiler-explorer/gcc-4.1.2/bin/../lib/gcc/x86_64-linux-gnu/4.1.2/../../../../include/c++/4.1.2/bits/stl_algo.h:2283:   instantiated from 'void std::__insertion_sort(_RandomAccessIterator, _RandomAccessIterator) [with _RandomAccessIterator = __gnu_cxx::__normal_iterator<UserName*, std::vector<UserName, std::allocator<UserName> > >]'
/opt/compiler-explorer/gcc-4.1.2/bin/../lib/gcc/x86_64-linux-gnu/4.1.2/../../../../include/c++/4.1.2/bits/stl_algo.h:2359:   instantiated from 'void std::__final_insertion_sort(_RandomAccessIterator, _RandomAccessIterator) [with _RandomAccessIterator = __gnu_cxx::__normal_iterator<UserName*, std::vector<UserName, std::allocator<UserName> > >]'
/opt/compiler-explorer/gcc-4.1.2/bin/../lib/gcc/x86_64-linux-gnu/4.1.2/../../../../include/c++/4.1.2/bits/stl_algo.h:2714:   instantiated from 'void std::sort(_RandomAccessIterator, _RandomAccessIterator) [with _RandomAccessIterator = __gnu_cxx::__normal_iterator<UserName*, std::vector<UserName, std::allocator<UserName> > >]'
<source>:13:   instantiated from here
/opt/compiler-explorer/gcc-4.1.2/bin/../lib/gcc/x86_64-linux-gnu/4.1.2/../../../../include/c++/4.1.2/bits/stl_algo.h:2230: error: no match for 'operator<' in '__val < __next. __gnu_cxx::__normal_iterator<_Iterator, _Container>::operator* [with _Iterator = UserName*, _Container = std::vector<UserName, std::allocator<UserName> >]()'
/opt/compiler-explorer/gcc-4.1.2/bin/../lib/gcc/x86_64-linux-gnu/4.1.2/../../../../include/c++/4.1.2/bits/stl_heap.h: In function 'void std::__adjust_heap(_RandomAccessIterator, _Distance, _Distance, _Tp) [with _RandomAccessIterator = __gnu_cxx::__normal_iterator<UserName*, std::vector<UserName, std::allocator<UserName> > >, _Distance = long int, _Tp = UserName]':
/opt/compiler-explorer/gcc-4.1.2/bin/../lib/gcc/x86_64-linux-gnu/4.1.2/../../../../include/c++/4.1.2/bits/stl_heap.h:364:   instantiated from 'void std::make_heap(_RandomAccessIterator, _RandomAccessIterator) [with _RandomAccessIterator = __gnu_cxx::__normal_iterator<UserName*, std::vector<UserName, std::allocator<UserName> > >]'
/opt/compiler-explorer/gcc-4.1.2/bin/../lib/gcc/x86_64-linux-gnu/4.1.2/../../../../include/c++/4.1.2/bits/stl_algo.h:2432:   instantiated from 'void std::partial_sort(_RandomAccessIterator, _RandomAccessIterator, _RandomAccessIterator) [with _RandomAccessIterator = __gnu_cxx::__normal_iterator<UserName*, std::vector<UserName, std::allocator<UserName> > >]'
/opt/compiler-explorer/gcc-4.1.2/bin/../lib/gcc/x86_64-linux-gnu/4.1.2/../../../../include/c++/4.1.2/bits/stl_algo.h:2630:   instantiated from 'void std::__introsort_loop(_RandomAccessIterator, _RandomAccessIterator, _Size) [with _RandomAccessIterator = __gnu_cxx::__normal_iterator<UserName*, std::vector<UserName, std::allocator<UserName> > >, _Size = long int]'
/opt/compiler-explorer/gcc-4.1.2/bin/../lib/gcc/x86_64-linux-gnu/4.1.2/../../../../include/c++/4.1.2/bits/stl_algo.h:2713:   instantiated from 'void std::sort(_RandomAccessIterator, _RandomAccessIterator) [with _RandomAccessIterator = __gnu_cxx::__normal_iterator<UserName*, std::vector<UserName, std::allocator<UserName> > >]'
<source>:13:   instantiated from here
/opt/compiler-explorer/gcc-4.1.2/bin/../lib/gcc/x86_64-linux-gnu/4.1.2/../../../../include/c++/4.1.2/bits/stl_heap.h:216: error: no match for 'operator<' in '__first. __gnu_cxx::__normal_iterator<_Iterator, _Container>::operator+ [with _Iterator = UserName*, _Container = std::vector<UserName, std::allocator<UserName> >](((const ptrdiff_t&)((const ptrdiff_t*)(& __secondChild)))).__gnu_cxx::__normal_iterator<_Iterator, _Container>::operator* [with _Iterator = UserName*, _Container = std::vector<UserName, std::allocator<UserName> >]() < __first. __gnu_cxx::__normal_iterator<_Iterator, _Container>::operator+ [with _Iterator = UserName*, _Container = std::vector<UserName, std::allocator<UserName> >](((const ptrdiff_t&)((const ptrdiff_t*)(&(__secondChild - 1l))))).__gnu_cxx::__normal_iterator<_Iterator, _Container>::operator* [with _Iterator = UserName*, _Container = std::vector<UserName, std::allocator<UserName> >]()'
/opt/compiler-explorer/gcc-4.1.2/bin/../lib/gcc/x86_64-linux-gnu/4.1.2/../../../../include/c++/4.1.2/bits/stl_heap.h: In function 'void std::__push_heap(_RandomAccessIterator, _Distance, _Distance, _Tp) [with _RandomAccessIterator = __gnu_cxx::__normal_iterator<UserName*, std::vector<UserName, std::allocator<UserName> > >, _Distance = long int, _Tp = UserName]':
/opt/compiler-explorer/gcc-4.1.2/bin/../lib/gcc/x86_64-linux-gnu/4.1.2/../../../../include/c++/4.1.2/bits/stl_heap.h:227:   instantiated from 'void std::__adjust_heap(_RandomAccessIterator, _Distance, _Distance, _Tp) [with _RandomAccessIterator = __gnu_cxx::__normal_iterator<UserName*, std::vector<UserName, std::allocator<UserName> > >, _Distance = long int, _Tp = UserName]'
/opt/compiler-explorer/gcc-4.1.2/bin/../lib/gcc/x86_64-linux-gnu/4.1.2/../../../../include/c++/4.1.2/bits/stl_heap.h:364:   instantiated from 'void std::make_heap(_RandomAccessIterator, _RandomAccessIterator) [with _RandomAccessIterator = __gnu_cxx::__normal_iterator<UserName*, std::vector<UserName, std::allocator<UserName> > >]'
/opt/compiler-explorer/gcc-4.1.2/bin/../lib/gcc/x86_64-linux-gnu/4.1.2/../../../../include/c++/4.1.2/bits/stl_algo.h:2432:   instantiated from 'void std::partial_sort(_RandomAccessIterator, _RandomAccessIterator, _RandomAccessIterator) [with _RandomAccessIterator = __gnu_cxx::__normal_iterator<UserName*, std::vector<UserName, std::allocator<UserName> > >]'
/opt/compiler-explorer/gcc-4.1.2/bin/../lib/gcc/x86_64-linux-gnu/4.1.2/../../../../include/c++/4.1.2/bits/stl_algo.h:2630:   instantiated from 'void std::__introsort_loop(_RandomAccessIterator, _RandomAccessIterator, _Size) [with _RandomAccessIterator = __gnu_cxx::__normal_iterator<UserName*, std::vector<UserName, std::allocator<UserName> > >, _Size = long int]'
/opt/compiler-explorer/gcc-4.1.2/bin/../lib/gcc/x86_64-linux-gnu/4.1.2/../../../../include/c++/4.1.2/bits/stl_algo.h:2713:   instantiated from 'void std::sort(_RandomAccessIterator, _RandomAccessIterator) [with _RandomAccessIterator = __gnu_cxx::__normal_iterator<UserName*, std::vector<UserName, std::allocator<UserName> > >]'
<source>:13:   instantiated from here
/opt/compiler-explorer/gcc-4.1.2/bin/../lib/gcc/x86_64-linux-gnu/4.1.2/../../../../include/c++/4.1.2/bits/stl_heap.h:121: error: no match for 'operator<' in '__first. __gnu_cxx::__normal_iterator<_Iterator, _Container>::operator+ [with _Iterator = UserName*, _Container = std::vector<UserName, std::allocator<UserName> >](((const ptrdiff_t&)((const ptrdiff_t*)(& __parent)))).__gnu_cxx::__normal_iterator<_Iterator, _Container>::operator* [with _Iterator = UserName*, _Container = std::vector<UserName, std::allocator<UserName> >]() < __value'
Compiler returned: 1
