In file included from /opt/compiler-explorer/gcc-13.2.0/include/c++/13.2.0/bits/stl_algobase.h:71,
                 from /opt/compiler-explorer/gcc-13.2.0/include/c++/13.2.0/algorithm:60,
                 from <source>:1:
/opt/compiler-explorer/gcc-13.2.0/include/c++/13.2.0/bits/predefined_ops.h: In instantiation of 'constexpr bool __gnu_cxx::__ops::_Iter_less_iter::operator()(_Iterator1, _Iterator2) const [with _Iterator1 = __gnu_cxx::__normal_iterator<UserName*, std::vector<UserName> >; _Iterator2 = __gnu_cxx::__normal_iterator<UserName*, std::vector<UserName> >]':
/opt/compiler-explorer/gcc-13.2.0/include/c++/13.2.0/bits/stl_algo.h:1819:14:   required from 'void std::__insertion_sort(_RandomAccessIterator, _RandomAccessIterator, _Compare) [with _RandomAccessIterator = __gnu_cxx::__normal_iterator<UserName*, vector<UserName> >; _Compare = __gnu_cxx::__ops::_Iter_less_iter]'
/opt/compiler-explorer/gcc-13.2.0/include/c++/13.2.0/bits/stl_algo.h:1859:25:   required from 'void std::__final_insertion_sort(_RandomAccessIterator, _RandomAccessIterator, _Compare) [with _RandomAccessIterator = __gnu_cxx::__normal_iterator<UserName*, vector<UserName> >; _Compare = __gnu_cxx::__ops::_Iter_less_iter]'
/opt/compiler-explorer/gcc-13.2.0/include/c++/13.2.0/bits/stl_algo.h:1950:31:   required from 'void std::__sort(_RandomAccessIterator, _RandomAccessIterator, _Compare) [with _RandomAccessIterator = __gnu_cxx::__normal_iterator<UserName*, vector<UserName> >; _Compare = __gnu_cxx::__ops::_Iter_less_iter]'
/opt/compiler-explorer/gcc-13.2.0/include/c++/13.2.0/bits/stl_algo.h:4861:18:   required from 'void std::sort(_RAIter, _RAIter) [with _RAIter = __gnu_cxx::__normal_iterator<UserName*, vector<UserName> >]'
<source>:13:14:   required from here
/opt/compiler-explorer/gcc-13.2.0/include/c++/13.2.0/bits/predefined_ops.h:45:23: error: no match for 'operator<' (operand types are 'UserName' and 'UserName')
   45 |       { return *__it1 < *__it2; }
      |                ~~~~~~~^~~~~~~~
In file included from /opt/compiler-explorer/gcc-13.2.0/include/c++/13.2.0/bits/stl_algobase.h:67:
/opt/compiler-explorer/gcc-13.2.0/include/c++/13.2.0/bits/stl_iterator.h:1250:5: note: candidate: 'template<class _IteratorL, class _IteratorR, class _Container> bool __gnu_cxx::operator<(const __normal_iterator<_IteratorL, _Container>&, const __normal_iterator<_IteratorR, _Container>&)'
 1250 |     operator<(const __normal_iterator<_IteratorL, _Container>& __lhs,
      |     ^~~~~~~~
/opt/compiler-explorer/gcc-13.2.0/include/c++/13.2.0/bits/stl_iterator.h:1250:5: note:   template argument deduction/substitution failed:
/opt/compiler-explorer/gcc-13.2.0/include/c++/13.2.0/bits/predefined_ops.h:45:23: note:   'UserName' is not derived from 'const __gnu_cxx::__normal_iterator<_IteratorL, _Container>'
   45 |       { return *__it1 < *__it2; }
      |                ~~~~~~~^~~~~~~~
/opt/compiler-explorer/gcc-13.2.0/include/c++/13.2.0/bits/stl_iterator.h:1258:5: note: candidate: 'template<class _Iterator, class _Container> bool __gnu_cxx::operator<(const __normal_iterator<_Iterator, _Container>&, const __normal_iterator<_Iterator, _Container>&)'
 1258 |     operator<(const __normal_iterator<_Iterator, _Container>& __lhs,
      |     ^~~~~~~~
/opt/compiler-explorer/gcc-13.2.0/include/c++/13.2.0/bits/stl_iterator.h:1258:5: note:   template argument deduction/substitution failed:
/opt/compiler-explorer/gcc-13.2.0/include/c++/13.2.0/bits/predefined_ops.h:45:23: note:   'UserName' is not derived from 'const __gnu_cxx::__normal_iterator<_Iterator, _Container>'
   45 |       { return *__it1 < *__it2; }
      |                ~~~~~~~^~~~~~~~
/opt/compiler-explorer/gcc-13.2.0/include/c++/13.2.0/bits/predefined_ops.h: In instantiation of 'bool __gnu_cxx::__ops::_Val_less_iter::operator()(_Value&, _Iterator) const [with _Value = UserName; _Iterator = __gnu_cxx::__normal_iterator<UserName*, std::vector<UserName> >]':
/opt/compiler-explorer/gcc-13.2.0/include/c++/13.2.0/bits/stl_algo.h:1799:20:   required from 'void std::__unguarded_linear_insert(_RandomAccessIterator, _Compare) [with _RandomAccessIterator = __gnu_cxx::__normal_iterator<UserName*, vector<UserName> >; _Compare = __gnu_cxx::__ops::_Val_less_iter]'
/opt/compiler-explorer/gcc-13.2.0/include/c++/13.2.0/bits/stl_algo.h:1827:36:   required from 'void std::__insertion_sort(_RandomAccessIterator, _RandomAccessIterator, _Compare) [with _RandomAccessIterator = __gnu_cxx::__normal_iterator<UserName*, vector<UserName> >; _Compare = __gnu_cxx::__ops::_Iter_less_iter]'
/opt/compiler-explorer/gcc-13.2.0/include/c++/13.2.0/bits/stl_algo.h:1859:25:   required from 'void std::__final_insertion_sort(_RandomAccessIterator, _RandomAccessIterator, _Compare) [with _RandomAccessIterator = __gnu_cxx::__normal_iterator<UserName*, vector<UserName> >; _Compare = __gnu_cxx::__ops::_Iter_less_iter]'
/opt/compiler-explorer/gcc-13.2.0/include/c++/13.2.0/bits/stl_algo.h:1950:31:   required from 'void std::__sort(_RandomAccessIterator, _RandomAccessIterator, _Compare) [with _RandomAccessIterator = __gnu_cxx::__normal_iterator<UserName*, vector<UserName> >; _Compare = __gnu_cxx::__ops::_Iter_less_iter]'
/opt/compiler-explorer/gcc-13.2.0/include/c++/13.2.0/bits/stl_algo.h:4861:18:   required from 'void std::sort(_RAIter, _RAIter) [with _RAIter = __gnu_cxx::__normal_iterator<UserName*, vector<UserName> >]'
<source>:13:14:   required from here
/opt/compiler-explorer/gcc-13.2.0/include/c++/13.2.0/bits/predefined_ops.h:98:22: error: no match for 'operator<' (operand types are 'UserName' and 'UserName')
   98 |       { return __val < *__it; }
      |                ~~~~~~^~~~~~~
/opt/compiler-explorer/gcc-13.2.0/include/c++/13.2.0/bits/stl_iterator.h:1250:5: note: candidate: 'template<class _IteratorL, class _IteratorR, class _Container> bool __gnu_cxx::operator<(const __normal_iterator<_IteratorL, _Container>&, const __normal_iterator<_IteratorR, _Container>&)'
 1250 |     operator<(const __normal_iterator<_IteratorL, _Container>& __lhs,
      |     ^~~~~~~~
/opt/compiler-explorer/gcc-13.2.0/include/c++/13.2.0/bits/stl_iterator.h:1250:5: note:   template argument deduction/substitution failed:
/opt/compiler-explorer/gcc-13.2.0/include/c++/13.2.0/bits/predefined_ops.h:98:22: note:   'UserName' is not derived from 'const __gnu_cxx::__normal_iterator<_IteratorL, _Container>'
   98 |       { return __val < *__it; }
      |                ~~~~~~^~~~~~~
/opt/compiler-explorer/gcc-13.2.0/include/c++/13.2.0/bits/stl_iterator.h:1258:5: note: candidate: 'template<class _Iterator, class _Container> bool __gnu_cxx::operator<(const __normal_iterator<_Iterator, _Container>&, const __normal_iterator<_Iterator, _Container>&)'
 1258 |     operator<(const __normal_iterator<_Iterator, _Container>& __lhs,
      |     ^~~~~~~~
/opt/compiler-explorer/gcc-13.2.0/include/c++/13.2.0/bits/stl_iterator.h:1258:5: note:   template argument deduction/substitution failed:
/opt/compiler-explorer/gcc-13.2.0/include/c++/13.2.0/bits/predefined_ops.h:98:22: note:   'UserName' is not derived from 'const __gnu_cxx::__normal_iterator<_Iterator, _Container>'
   98 |       { return __val < *__it; }
      |                ~~~~~~^~~~~~~
/opt/compiler-explorer/gcc-13.2.0/include/c++/13.2.0/bits/predefined_ops.h: In instantiation of 'bool __gnu_cxx::__ops::_Iter_less_val::operator()(_Iterator, _Value&) const [with _Iterator = __gnu_cxx::__normal_iterator<UserName*, std::vector<UserName> >; _Value = UserName]':
/opt/compiler-explorer/gcc-13.2.0/include/c++/13.2.0/bits/stl_heap.h:140:48:   required from 'void std::__push_heap(_RandomAccessIterator, _Distance, _Distance, _Tp, _Compare&) [with _RandomAccessIterator = __gnu_cxx::__normal_iterator<UserName*, vector<UserName> >; _Distance = long int; _Tp = UserName; _Compare = __gnu_cxx::__ops::_Iter_less_val]'
/opt/compiler-explorer/gcc-13.2.0/include/c++/13.2.0/bits/stl_heap.h:247:23:   required from 'void std::__adjust_heap(_RandomAccessIterator, _Distance, _Distance, _Tp, _Compare) [with _RandomAccessIterator = __gnu_cxx::__normal_iterator<UserName*, vector<UserName> >; _Distance = long int; _Tp = UserName; _Compare = __gnu_cxx::__ops::_Iter_less_iter]'
/opt/compiler-explorer/gcc-13.2.0/include/c++/13.2.0/bits/stl_heap.h:356:22:   required from 'void std::__make_heap(_RandomAccessIterator, _RandomAccessIterator, _Compare&) [with _RandomAccessIterator = __gnu_cxx::__normal_iterator<UserName*, vector<UserName> >; _Compare = __gnu_cxx::__ops::_Iter_less_iter]'
/opt/compiler-explorer/gcc-13.2.0/include/c++/13.2.0/bits/stl_algo.h:1635:23:   required from 'void std::__heap_select(_RandomAccessIterator, _RandomAccessIterator, _RandomAccessIterator, _Compare) [with _RandomAccessIterator = __gnu_cxx::__normal_iterator<UserName*, vector<UserName> >; _Compare = __gnu_cxx::__ops::_Iter_less_iter]'
/opt/compiler-explorer/gcc-13.2.0/include/c++/13.2.0/bits/stl_algo.h:1910:25:   required from 'void std::__partial_sort(_RandomAccessIterator, _RandomAccessIterator, _RandomAccessIterator, _Compare) [with _RandomAccessIterator = __gnu_cxx::__normal_iterator<UserName*, vector<UserName> >; _Compare = __gnu_cxx::__ops::_Iter_less_iter]'
/opt/compiler-explorer/gcc-13.2.0/include/c++/13.2.0/bits/stl_algo.h:1926:27:   required from 'void std::__introsort_loop(_RandomAccessIterator, _RandomAccessIterator, _Size, _Compare) [with _RandomAccessIterator = __gnu_cxx::__normal_iterator<UserName*, vector<UserName> >; _Size = long int; _Compare = __gnu_cxx::__ops::_Iter_less_iter]'
/opt/compiler-explorer/gcc-13.2.0/include/c++/13.2.0/bits/stl_algo.h:1947:25:   required from 'void std::__sort(_RandomAccessIterator, _RandomAccessIterator, _Compare) [with _RandomAccessIterator = __gnu_cxx::__normal_iterator<UserName*, vector<UserName> >; _Compare = __gnu_cxx::__ops::_Iter_less_iter]'
/opt/compiler-explorer/gcc-13.2.0/include/c++/13.2.0/bits/stl_algo.h:4861:18:   required from 'void std::sort(_RAIter, _RAIter) [with _RAIter = __gnu_cxx::__normal_iterator<UserName*, vector<UserName> >]'
<source>:13:14:   required from here
/opt/compiler-explorer/gcc-13.2.0/include/c++/13.2.0/bits/predefined_ops.h:69:22: error: no match for 'operator<' (operand types are 'UserName' and 'UserName')
   69 |       { return *__it < __val; }
      |                ~~~~~~^~~~~~~
/opt/compiler-explorer/gcc-13.2.0/include/c++/13.2.0/bits/stl_iterator.h:1250:5: note: candidate: 'template<class _IteratorL, class _IteratorR, class _Container> bool __gnu_cxx::operator<(const __normal_iterator<_IteratorL, _Container>&, const __normal_iterator<_IteratorR, _Container>&)'
 1250 |     operator<(const __normal_iterator<_IteratorL, _Container>& __lhs,
      |     ^~~~~~~~
/opt/compiler-explorer/gcc-13.2.0/include/c++/13.2.0/bits/stl_iterator.h:1250:5: note:   template argument deduction/substitution failed:
/opt/compiler-explorer/gcc-13.2.0/include/c++/13.2.0/bits/predefined_ops.h:69:22: note:   'UserName' is not derived from 'const __gnu_cxx::__normal_iterator<_IteratorL, _Container>'
   69 |       { return *__it < __val; }
      |                ~~~~~~^~~~~~~
/opt/compiler-explorer/gcc-13.2.0/include/c++/13.2.0/bits/stl_iterator.h:1258:5: note: candidate: 'template<class _Iterator, class _Container> bool __gnu_cxx::operator<(const __normal_iterator<_Iterator, _Container>&, const __normal_iterator<_Iterator, _Container>&)'
 1258 |     operator<(const __normal_iterator<_Iterator, _Container>& __lhs,
      |     ^~~~~~~~
/opt/compiler-explorer/gcc-13.2.0/include/c++/13.2.0/bits/stl_iterator.h:1258:5: note:   template argument deduction/substitution failed:
/opt/compiler-explorer/gcc-13.2.0/include/c++/13.2.0/bits/predefined_ops.h:69:22: note:   'UserName' is not derived from 'const __gnu_cxx::__normal_iterator<_Iterator, _Container>'
   69 |       { return *__it < __val; }
      |                ~~~~~~^~~~~~~
Compiler returned: 1
